<?xml version="1.0" encoding="UTF-8"?>
<!-- Generated by org.testng.reporters.JUnitReportReporter -->
<testsuite hostname="MSI" failures="0" tests="1" name="com.decIpt.dataProvider$chromeTest" time="0.000" errors="0" timestamp="2023-12-27T14:28:57 IST" skipped="1">
  <testcase classname="com.decIpt.dataProvider$chromeTest" name="fields" time="0.000">
    <skipped/>
  </testcase> <!-- fields -->
  <system-out/>
</testsuite> <!-- com.decIpt.dataProvider$chromeTest -->
