<?xml version="1.0" encoding="UTF-8"?>
<!-- Generated by org.testng.reporters.JUnitReportReporter -->
<testsuite hostname="MSI" failures="0" tests="3" name="com.decIpt.chromeTest" time="3.402" errors="0" timestamp="2023-12-26T13:41:18 IST" skipped="1">
  <testcase classname="com.decIpt.chromeTest" name="homePage" time="2.997"/>
  <testcase classname="com.decIpt.chromeTest" name="fields" time="0.405"/>
  <testcase classname="com.decIpt.chromeTest" name="closeBrowser">
    <skipped/>
  </testcase> <!-- closeBrowser -->
</testsuite> <!-- com.decIpt.chromeTest -->
