<?xml version="1.0" encoding="UTF-8"?>
<!-- Generated by org.testng.reporters.JUnitReportReporter -->
<testsuite hostname="MSI" failures="0" tests="1" name="com.decIpt.LearnAnnotation" time="0.566" errors="0" timestamp="2023-12-25T21:18:18 IST" skipped="0">
  <testcase classname="com.decIpt.LearnAnnotation" name="test" time="0.566"/>
</testsuite> <!-- com.decIpt.LearnAnnotation -->
