<?xml version="1.0" encoding="UTF-8"?>
<!-- Generated by org.testng.reporters.JUnitReportReporter -->
<testsuite hostname="MSI" failures="0" tests="1" name="com.decIpt.Readexceldata" time="0.656" errors="0" timestamp="2023-12-27T14:05:36 IST" skipped="0">
  <testcase classname="com.decIpt.Readexceldata" name="getEntireData" time="0.656"/>
  <system-out/>
</testsuite> <!-- com.decIpt.Readexceldata -->
