<?xml version="1.0" encoding="UTF-8"?>
<!-- Generated by org.testng.reporters.JUnitReportReporter -->
<testsuite hostname="MSI" failures="0" tests="5" name="com.decIpt.dataProvider" time="112.405" errors="0" timestamp="2023-12-27T16:17:51 IST" skipped="0">
  <testcase classname="com.decIpt.dataProvider" name="fields" time="21.917"/>
  <system-out/>
  <testcase classname="com.decIpt.dataProvider" name="fields" time="21.818"/>
  <system-out/>
  <testcase classname="com.decIpt.dataProvider" name="fields" time="21.899"/>
  <system-out/>
  <testcase classname="com.decIpt.dataProvider" name="fields" time="24.905"/>
  <system-out/>
  <testcase classname="com.decIpt.dataProvider" name="fields" time="21.866"/>
  <system-out/>
</testsuite> <!-- com.decIpt.dataProvider -->
