<?xml version="1.0" encoding="UTF-8"?>
<!-- Generated by org.testng.reporters.JUnitReportReporter -->
<testsuite hostname="MSI" failures="0" tests="1" name="com.decIpt.TestRunner" time="4.807" errors="0" timestamp="2023-12-23T20:38:08 IST" skipped="0">
  <testcase classname="com.decIpt.TestRunner" name="chromeExecution" time="4.807"/>
</testsuite> <!-- com.decIpt.TestRunner -->
